Flow report for clock
Thu Dec 19 10:33:12 2019
Quartus II Version 10.0 Build 218 06/27/2010 SJ Full Version


---------------------
; Table of Contents ;
---------------------
  1. Legal Notice
  2. Flow Summary
  3. Flow Settings
  4. Flow Non-Default Global Settings
  5. Flow Elapsed Time
  6. Flow OS Summary
  7. Flow Log



----------------
; Legal Notice ;
----------------
Copyright (C) 1991-2010 Altera Corporation
Your use of Altera Corporation's design tools, logic functions 
and other software and tools, and its AMPP partner logic 
functions, and any output files from any of the foregoing 
(including device programming or simulation files), and any 
associated documentation or information are expressly subject 
to the terms and conditions of the Altera Program License 
Subscription Agreement, Altera MegaCore Function License 
Agreement, or other applicable license agreement, including, 
without limitation, that your use is for the sole purpose of 
programming logic devices manufactured by Altera and sold by 
Altera or its authorized distributors.  Please refer to the 
applicable agreement for further details.



+--------------------------------------------------------------------------------+
; Flow Summary                                                                   ;
+------------------------------------+-------------------------------------------+
; Flow Status                        ; Successful - Thu Dec 19 10:33:11 2019     ;
; Quartus II Version                 ; 10.0 Build 218 06/27/2010 SJ Full Version ;
; Revision Name                      ; clock                                     ;
; Top-level Entity Name              ; clock                                     ;
; Family                             ; Cyclone IV E                              ;
; Device                             ; EP4CE115F29C7                             ;
; Timing Models                      ; Final                                     ;
; Met timing requirements            ; N/A                                       ;
; Total logic elements               ; 562 / 114,480 ( < 1 % )                   ;
;     Total combinational functions  ; 559 / 114,480 ( < 1 % )                   ;
;     Dedicated logic registers      ; 222 / 114,480 ( < 1 % )                   ;
; Total registers                    ; 222                                       ;
; Total pins                         ; 65 / 529 ( 12 % )                         ;
; Total virtual pins                 ; 0                                         ;
; Total memory bits                  ; 0 / 3,981,312 ( 0 % )                     ;
; Embedded Multiplier 9-bit elements ; 0 / 532 ( 0 % )                           ;
; Total PLLs                         ; 0 / 4 ( 0 % )                             ;
+------------------------------------+-------------------------------------------+


+-----------------------------------------+
; Flow Settings                           ;
+-------------------+---------------------+
; Option            ; Setting             ;
+-------------------+---------------------+
; Start date & time ; 12/19/2019 10:32:35 ;
; Main task         ; Compilation         ;
; Revision Name     ; clock               ;
+-------------------+---------------------+


+----------------------------------------------------------------------------------------------------------------------------------+
; Flow Non-Default Global Settings                                                                                                 ;
+-------------------------------------+-------------------------------------------------+---------------+-------------+------------+
; Assignment Name                     ; Value                                           ; Default Value ; Entity Name ; Section Id ;
+-------------------------------------+-------------------------------------------------+---------------+-------------+------------+
; COMPILER_SIGNATURE_ID               ; 260208097117093.157672275412544                 ; --            ; --          ; --         ;
; MAX_CORE_JUNCTION_TEMP              ; 85                                              ; --            ; --          ; --         ;
; MIN_CORE_JUNCTION_TEMP              ; 0                                               ; --            ; --          ; --         ;
; MISC_FILE                           ; C:/Users/Administrator/Desktop/clock2/clock.dpf ; --            ; --          ; --         ;
; OUTPUT_IO_TIMING_ENDPOINT           ; Near End                                        ; --            ; --          ; --         ;
; PARTITION_COLOR                     ; 16764057                                        ; --            ; --          ; Top        ;
; PARTITION_FITTER_PRESERVATION_LEVEL ; PLACEMENT_AND_ROUTING                           ; --            ; --          ; Top        ;
; PARTITION_NETLIST_TYPE              ; SOURCE                                          ; --            ; --          ; Top        ;
; POWER_BOARD_THERMAL_MODEL           ; None (CONSERVATIVE)                             ; --            ; --          ; --         ;
; POWER_PRESET_COOLING_SOLUTION       ; 23 MM HEAT SINK WITH 200 LFPM AIRFLOW           ; --            ; --          ; --         ;
+-------------------------------------+-------------------------------------------------+---------------+-------------+------------+


+-------------------------------------------------------------------------------------------------------------------------------+
; Flow Elapsed Time                                                                                                             ;
+---------------------------+--------------+-------------------------+---------------------+------------------------------------+
; Module Name               ; Elapsed Time ; Average Processors Used ; Peak Virtual Memory ; Total CPU Time (on all processors) ;
+---------------------------+--------------+-------------------------+---------------------+------------------------------------+
; Analysis & Synthesis      ; 00:00:04     ; 1.0                     ; 236 MB              ; 00:00:04                           ;
; Fitter                    ; 00:00:21     ; 1.5                     ; 501 MB              ; 00:00:26                           ;
; Assembler                 ; 00:00:09     ; 1.0                     ; 456 MB              ; 00:00:09                           ;
; TimeQuest Timing Analyzer ; 00:00:09     ; 1.2                     ; 311 MB              ; 00:00:10                           ;
; Total                     ; 00:00:43     ; --                      ; --                  ; 00:00:49                           ;
+---------------------------+--------------+-------------------------+---------------------+------------------------------------+


+--------------------------------------------------------------------------------------------+
; Flow OS Summary                                                                            ;
+---------------------------+------------------+---------------+------------+----------------+
; Module Name               ; Machine Hostname ; OS Name       ; OS Version ; Processor type ;
+---------------------------+------------------+---------------+------------+----------------+
; Analysis & Synthesis      ; 201-55           ; Windows Vista ; 6.1        ; i686           ;
; Fitter                    ; 201-55           ; Windows Vista ; 6.1        ; i686           ;
; Assembler                 ; 201-55           ; Windows Vista ; 6.1        ; i686           ;
; TimeQuest Timing Analyzer ; 201-55           ; Windows Vista ; 6.1        ; i686           ;
+---------------------------+------------------+---------------+------------+----------------+


------------
; Flow Log ;
------------
quartus_map --read_settings_files=on --write_settings_files=off clock -c clock
quartus_fit --read_settings_files=off --write_settings_files=off clock -c clock
quartus_asm --read_settings_files=off --write_settings_files=off clock -c clock
quartus_sta clock -c clock



